<!DOCTYPE html PUBLIC "-//W3C//DTD XHTML 1.1//EN" "https://www.w3.org/TR/xhtml11/DTD/xhtml11.dtd">
<html xmlns="https://www.w3.org/1999/xhtml">
<head>
<meta http-equiv="content-type" content="text/html; charset=UTF-8"/>
<title>TestNG Report</title>
<style type="text/css">table {margin-bottom:10px;border-collapse:collapse;empty-cells:show}th,td {border:1px solid #009;padding:.25em .5em}th {vertical-align:bottom}td {vertical-align:top}table a {font-weight:bold}.stripe td {background-color: #E6EBF9}.num {text-align:right}.passedodd td {background-color: #3F3}.passedeven td {background-color: #0A0}.skippedodd td {background-color: #DDD}.skippedeven td {background-color: #CCC}.failedodd td,.attn {background-color: #F33}.failedeven td,.stripe .attn {background-color: #D00}.stacktrace {white-space:pre;font-family:monospace}.totop {font-size:85%;text-align:center;border-bottom:2px solid #000}.invisible {display:none}</style>
</head>
<body>
<table>
<tr><th>Test</th><th># Passed</th><th># Skipped</th><th># Retried</th><th># Failed</th><th>Time (ms)</th><th>Included Groups</th><th>Excluded Groups</th></tr>
<tr><th colspan="8">Regression</th></tr>
<tr><td><a href="#t0">Test</a></td><td class="num">14</td><td class="num">0</td><td class="num">0</td><td class="num attn">4</td><td class="num">46,036</td><td></td><td></td></tr>
</table>
<table id='summary'><thead><tr><th>Class</th><th>Method</th><th>Start</th><th>Time (ms)</th></tr></thead><tbody><tr><th colspan="4">Regression</th></tr></tbody><tbody id="t0"><tr><th colspan="4">Test &#8212; failed</th></tr><tr class="failedeven"><td rowspan="3">SwagLabsProjectTests.LoginTest</td><td><a href="#m0">incorrectPassword</a></td><td rowspan="1">1715787424371</td><td rowspan="1">421</td></tr><tr class="failedeven"><td><a href="#m1">incorrectUserAndPass</a></td><td rowspan="1">1715787428809</td><td rowspan="1">658</td></tr><tr class="failedeven"><td><a href="#m2">incorrectUsername</a></td><td rowspan="1">1715787433611</td><td rowspan="1">422</td></tr><tr class="failedodd"><td rowspan="1">SwagLabsProjectTests.ProductPriceConsistencyTest</td><td><a href="#m3">secondTest</a></td><td rowspan="1">1715787438289</td><td rowspan="1">2760</td></tr><tr><th colspan="4">Test &#8212; passed</th></tr><tr class="passedeven"><td rowspan="7">SwagLabsProjectTests.LoginTest</td><td><a href="#m4">emptyUserField</a></td><td rowspan="1">1715787419012</td><td rowspan="1">574</td></tr><tr class="passedeven"><td><a href="#m5">lockedUser</a></td><td rowspan="1">1715787437709</td><td rowspan="1">377</td></tr><tr class="passedeven"><td><a href="#m6">pullingDataForLogin</a></td><td rowspan="5">1715787444908</td><td rowspan="5">445</td></tr><tr class="passedeven"><td><a href="#m7">pullingDataForLogin</a></td></tr><tr class="passedeven"><td><a href="#m8">pullingDataForLogin</a></td></tr><tr class="passedeven"><td><a href="#m9">pullingDataForLogin</a></td></tr><tr class="passedeven"><td><a href="#m10">pullingDataForLogin</a></td></tr><tr class="passedodd"><td rowspan="3">SwagLabsProjectTests.ProdAddAndRemTest</td><td><a href="#m11">caseOne</a></td><td rowspan="1">1715787419039</td><td rowspan="1">3662</td></tr><tr class="passedodd"><td><a href="#m12">caseThree</a></td><td rowspan="1">1715787427072</td><td rowspan="1">2983</td></tr><tr class="passedodd"><td><a href="#m13">caseTwo</a></td><td rowspan="1">1715787434455</td><td rowspan="1">2855</td></tr><tr class="passedeven"><td rowspan="2">SwagLabsProjectTests.ProductPriceConsistencyTest</td><td><a href="#m14">fitstTest</a></td><td rowspan="1">1715787431189</td><td rowspan="1">2022</td></tr><tr class="passedeven"><td><a href="#m15">thirdTest</a></td><td rowspan="1">1715787444380</td><td rowspan="1">4717</td></tr><tr class="passedodd"><td rowspan="2">SwagLabsProjectTests.StandAloneTest</td><td><a href="#m16">firsTest</a></td><td rowspan="1">1715787419051</td><td rowspan="1">1802</td></tr><tr class="passedodd"><td><a href="#m17">secondTest</a></td><td rowspan="1">1715787424849</td><td rowspan="1">2163</td></tr></tbody>
</table>
<h2>Test</h2><h3 id="m0">SwagLabsProjectTests.LoginTest#incorrectPassword</h3><table class="result"><tr><th>Exception</th></tr><tr><td><div class="stacktrace">java.lang.AssertionError: expected [Epic sadface: IIUsername and password do not match any user in this service] but found [Epic sadface: Username and password do not match any user in this service]
	at SwagLabsProjectTests.LoginTest.incorrectPassword(LoginTest.java:52)
	at java.base/java.util.concurrent.Executors$RunnableAdapter.call(Executors.java:572)
	at java.base/java.util.concurrent.FutureTask.run(FutureTask.java:317)
	at java.base/java.util.concurrent.ThreadPoolExecutor.runWorker(ThreadPoolExecutor.java:1144)
	at java.base/java.util.concurrent.ThreadPoolExecutor$Worker.run(ThreadPoolExecutor.java:642)
	at java.base/java.lang.Thread.run(Thread.java:1583)
... Removed 17 stack frames</div></td></tr></table><p class="totop"><a href="#summary">back to summary</a></p>
<h3 id="m1">SwagLabsProjectTests.LoginTest#incorrectUserAndPass</h3><table class="result"><tr><th>Exception</th></tr><tr><td><div class="stacktrace">java.lang.AssertionError: expected [Epic sadface: IIUsername and password do not match any user in this service] but found [Epic sadface: Username and password do not match any user in this service]
	at SwagLabsProjectTests.LoginTest.incorrectUserAndPass(LoginTest.java:59)
	at java.base/java.util.concurrent.Executors$RunnableAdapter.call(Executors.java:572)
	at java.base/java.util.concurrent.FutureTask.run(FutureTask.java:317)
	at java.base/java.util.concurrent.ThreadPoolExecutor.runWorker(ThreadPoolExecutor.java:1144)
	at java.base/java.util.concurrent.ThreadPoolExecutor$Worker.run(ThreadPoolExecutor.java:642)
	at java.base/java.lang.Thread.run(Thread.java:1583)
... Removed 17 stack frames</div></td></tr></table><p class="totop"><a href="#summary">back to summary</a></p>
<h3 id="m2">SwagLabsProjectTests.LoginTest#incorrectUsername</h3><table class="result"><tr><th>Exception</th></tr><tr><td><div class="stacktrace">java.lang.AssertionError: expected [Epic sadface: IIUsername and password do not match any user in this service] but found [Epic sadface: Username and password do not match any user in this service]
	at SwagLabsProjectTests.LoginTest.incorrectUsername(LoginTest.java:45)
	at java.base/java.util.concurrent.Executors$RunnableAdapter.call(Executors.java:572)
	at java.base/java.util.concurrent.FutureTask.run(FutureTask.java:317)
	at java.base/java.util.concurrent.ThreadPoolExecutor.runWorker(ThreadPoolExecutor.java:1144)
	at java.base/java.util.concurrent.ThreadPoolExecutor$Worker.run(ThreadPoolExecutor.java:642)
	at java.base/java.lang.Thread.run(Thread.java:1583)
... Removed 17 stack frames</div></td></tr></table><p class="totop"><a href="#summary">back to summary</a></p>
<h3 id="m3">SwagLabsProjectTests.ProductPriceConsistencyTest#secondTest</h3><table class="result"><tr><th>Exception</th></tr><tr><td><div class="stacktrace">org.openqa.selenium.ElementClickInterceptedException: element click intercepted: Element &lt;button id=&quot;react-burger-menu-btn&quot; style=&quot;position: absolute; left: 0px; top: 0px; z-index: 1; width: 100%; height: 100%; margin: 0px; padding: 0px; border: none; font-size: 0px; background: transparent; cursor: pointer;&quot;&gt;...&lt;/button&gt; is not clickable at point (30, 30). Other element would receive the click: &lt;div class=&quot;bm-menu&quot; style=&quot;height: 100%; box-sizing: border-box; overflow: auto;&quot;&gt;...&lt;/div&gt;
  (Session info: chrome=124.0.6367.203)
Build info: version: &apos;4.19.1&apos;, revision: &apos;abe0ee07dc&apos;
System info: os.name: &apos;Mac OS X&apos;, os.arch: &apos;x86_64&apos;, os.version: &apos;14.4.1&apos;, java.version: &apos;21.0.2&apos;
Driver info: org.openqa.selenium.chrome.ChromeDriver
Command: [a3bca5587a72bc984fd0ad6ce72a5858, clickElement {id=f.43CCD1C83B4646530C6E6C663E968266.d.C564473229D7F0FC33BD9341746D7D25.e.473}]
Capabilities {acceptInsecureCerts: false, browserName: chrome, browserVersion: 124.0.6367.203, chrome: {chromedriverVersion: 124.0.6367.207 (a9001a6e39f..., userDataDir: /var/folders/f1/nz1q_2417h3...}, fedcm:accounts: true, goog:chromeOptions: {debuggerAddress: localhost:60134}, networkConnectionEnabled: false, pageLoadStrategy: normal, platformName: mac, proxy: Proxy(), se:cdp: ws://localhost:60134/devtoo..., se:cdpVersion: 124.0.6367.203, setWindowRect: true, strictFileInteractability: false, timeouts: {implicit: 0, pageLoad: 300000, script: 30000}, unhandledPromptBehavior: dismiss and notify, webauthn:extension:credBlob: true, webauthn:extension:largeBlob: true, webauthn:extension:minPinLength: true, webauthn:extension:prf: true, webauthn:virtualAuthenticators: true}
Element: [[ChromeDriver: chrome on mac (a3bca5587a72bc984fd0ad6ce72a5858)] -&gt; css selector: #react-burger-menu-btn]
Session ID: a3bca5587a72bc984fd0ad6ce72a5858
	at org.openqa.selenium.remote.ErrorCodec.decode(ErrorCodec.java:167)
	at org.openqa.selenium.remote.codec.w3c.W3CHttpResponseCodec.decode(W3CHttpResponseCodec.java:138)
	at org.openqa.selenium.remote.codec.w3c.W3CHttpResponseCodec.decode(W3CHttpResponseCodec.java:50)
	at org.openqa.selenium.remote.HttpCommandExecutor.execute(HttpCommandExecutor.java:190)
	at org.openqa.selenium.remote.service.DriverCommandExecutor.invokeExecute(DriverCommandExecutor.java:216)
	at org.openqa.selenium.remote.service.DriverCommandExecutor.execute(DriverCommandExecutor.java:174)
	at org.openqa.selenium.remote.RemoteWebDriver.execute(RemoteWebDriver.java:518)
	at org.openqa.selenium.remote.RemoteWebElement.execute(RemoteWebElement.java:223)
	at org.openqa.selenium.remote.RemoteWebElement.click(RemoteWebElement.java:76)
	at org.openqa.selenium.support.pagefactory.internal.LocatingElementHandler.invoke(LocatingElementHandler.java:51)
	at jdk.proxy2/jdk.proxy2.$Proxy15.click(Unknown Source)
	at markoSovilj.SwagLabsProject.ProductsPage.backToProductPage(ProductsPage.java:54)
	at SwagLabsProjectTests.ProductPriceConsistencyTest.secondTest(ProductPriceConsistencyTest.java:86)
	at java.base/java.util.concurrent.Executors$RunnableAdapter.call(Executors.java:572)
	at java.base/java.util.concurrent.FutureTask.run(FutureTask.java:317)
	at java.base/java.util.concurrent.ThreadPoolExecutor.runWorker(ThreadPoolExecutor.java:1144)
	at java.base/java.util.concurrent.ThreadPoolExecutor$Worker.run(ThreadPoolExecutor.java:642)
	at java.base/java.lang.Thread.run(Thread.java:1583)
... Removed 16 stack frames</div></td></tr></table><p class="totop"><a href="#summary">back to summary</a></p>
<h3 id="m4">SwagLabsProjectTests.LoginTest#emptyUserField</h3><table class="result"><tr><th class="invisible"/></tr></table><p class="totop"><a href="#summary">back to summary</a></p>
<h3 id="m5">SwagLabsProjectTests.LoginTest#lockedUser</h3><table class="result"><tr><th class="invisible"/></tr></table><p class="totop"><a href="#summary">back to summary</a></p>
<h3 id="m6">SwagLabsProjectTests.LoginTest#pullingDataForLogin</h3><table class="result"><tr class="param"><th>Parameter #1</th><th>Parameter #2</th></tr><tr class="param stripe"><td>problem_user</td><td>secret_sauce</td></tr></table><p class="totop"><a href="#summary">back to summary</a></p>
<h3 id="m7">SwagLabsProjectTests.LoginTest#pullingDataForLogin</h3><table class="result"><tr class="param"><th>Parameter #1</th><th>Parameter #2</th></tr><tr class="param stripe"><td>performance_glitch_user</td><td>secret_sauce</td></tr></table><p class="totop"><a href="#summary">back to summary</a></p>
<h3 id="m8">SwagLabsProjectTests.LoginTest#pullingDataForLogin</h3><table class="result"><tr class="param"><th>Parameter #1</th><th>Parameter #2</th></tr><tr class="param stripe"><td>error_user</td><td>secret_sauce</td></tr></table><p class="totop"><a href="#summary">back to summary</a></p>
<h3 id="m9">SwagLabsProjectTests.LoginTest#pullingDataForLogin</h3><table class="result"><tr class="param"><th>Parameter #1</th><th>Parameter #2</th></tr><tr class="param stripe"><td>visual_user</td><td>secret_sauce</td></tr></table><p class="totop"><a href="#summary">back to summary</a></p>
<h3 id="m10">SwagLabsProjectTests.LoginTest#pullingDataForLogin</h3><table class="result"><tr class="param"><th>Parameter #1</th><th>Parameter #2</th></tr><tr class="param stripe"><td>standard_user</td><td>secret_sauce</td></tr></table><p class="totop"><a href="#summary">back to summary</a></p>
<h3 id="m11">SwagLabsProjectTests.ProdAddAndRemTest#caseOne</h3><table class="result"><tr><th class="invisible"/></tr></table><p class="totop"><a href="#summary">back to summary</a></p>
<h3 id="m12">SwagLabsProjectTests.ProdAddAndRemTest#caseThree</h3><table class="result"><tr><th class="invisible"/></tr></table><p class="totop"><a href="#summary">back to summary</a></p>
<h3 id="m13">SwagLabsProjectTests.ProdAddAndRemTest#caseTwo</h3><table class="result"><tr><th class="invisible"/></tr></table><p class="totop"><a href="#summary">back to summary</a></p>
<h3 id="m14">SwagLabsProjectTests.ProductPriceConsistencyTest#fitstTest</h3><table class="result"><tr><th class="invisible"/></tr></table><p class="totop"><a href="#summary">back to summary</a></p>
<h3 id="m15">SwagLabsProjectTests.ProductPriceConsistencyTest#thirdTest</h3><table class="result"><tr><th class="invisible"/></tr></table><p class="totop"><a href="#summary">back to summary</a></p>
<h3 id="m16">SwagLabsProjectTests.StandAloneTest#firsTest</h3><table class="result"><tr><th class="invisible"/></tr></table><p class="totop"><a href="#summary">back to summary</a></p>
<h3 id="m17">SwagLabsProjectTests.StandAloneTest#secondTest</h3><table class="result"><tr><th class="invisible"/></tr></table><p class="totop"><a href="#summary">back to summary</a></p>
</body>
</html>
